Exporter version: 6.4.5, Blender version: 2.90.1
========= Conversion from Blender to Babylon.js =========
	Scene settings used :
		Inline textures     :  false
		Material Type       :  PBR
		Positions Precision :  4
		Normals Precision   :  3
		UVs Precision       :  3
		Vert Color Precision:  3
		Mat Weight Precision:  2
		Keep Z-up r-handed  :  no
		Texture directory   :  C:\Users\svent\Documents\sven-frankson\game-of-life-3d\datas\meshes\
	Python World class constructor completed
	WARNING: No active camera has been assigned, or is not in a currently selected Blender layer
	processing begun of mesh:  body
		processing begun of material:  plastic.004
		processing begun of material:  carTire.004
		processing begun of material:  paintRed.004
		processing begun of material:  lightFront.004
		processing begun of material:  _defaultMat.004
		processing begun of material:  window.004
		processing begun of material:  lightBack.004
		processing begun of material:  wheelInside.004
		processing begun of multimaterial:  car.Multimaterial#0
		Custom split normals with tangents being used
		num positions      :  3123
		num normals        :  3123
		num tangents       :  12492
		num uvs            :  6246
		num uvs2           :  0
		num colors         :  0
		num triangles      :  1788
========= Writing of JSON file started =========
	writing mesh:  body
========= Writing of JSON file completed =========
========= end of processing =========
elapsed time:  0 min, 0.2062 secs
