Exporter version: 6.4.5, Blender version: 2.90.1
========= Conversion from Blender to Babylon.js =========
	Scene settings used :
		Inline textures     :  false
		Material Type       :  PBR
		Positions Precision :  4
		Normals Precision   :  3
		UVs Precision       :  3
		Vert Color Precision:  3
		Mat Weight Precision:  2
		Keep Z-up r-handed  :  no
		Texture directory   :  C:\Users\svent\Documents\sven-frankson\game-of-life-3d\datas\meshes\
	Python World class constructor completed
	WARNING: No active camera has been assigned, or is not in a currently selected Blender layer
	processing begun of mesh:  Cube.017
		processing begun of material:  Material
		processing begun of material:  frame
		processing begun of material:  glass
		processing begun of material:  green
		processing begun of material:  frame-light
		processing begun of material:  asphalt
		processing begun of material:  curb-border
		processing begun of material:  pavement
		processing begun of material:  white-paint
		processing begun of material:  black-paint
		processing begun of material:  red-light
		processing begun of material:  orange-light
		processing begun of material:  green-light
		processing begun of multimaterial:  city.Multimaterial#0
		num positions      :  2503
		num normals        :  2503
		num tangents       :  0
		num uvs            :  5006
		num uvs2           :  0
		num colors         :  0
		num triangles      :  2935
========= Writing of JSON file started =========
	writing mesh:  Cube.017
========= Writing of JSON file completed =========
========= end of processing =========
elapsed time:  0 min, 0.1521 secs
