Exporter version: 6.4.5, Blender version: 2.90.1
========= Conversion from Blender to Babylon.js =========
	Scene settings used :
		Inline textures     :  false
		Material Type       :  PBR
		Positions Precision :  4
		Normals Precision   :  3
		UVs Precision       :  3
		Vert Color Precision:  3
		Mat Weight Precision:  2
		Keep Z-up r-handed  :  no
		Texture directory   :  C:\Users\svent\Documents\sven-frankson\game-of-life-3d\datas\meshes\
	Python World class constructor completed
	WARNING: No active camera has been assigned, or is not in a currently selected Blender layer
	processing begun of mesh:  Circle
		processing begun of material:  Material.003
		processing begun of material:  Material.004
		processing begun of material:  Material.001
		processing begun of material:  Material.002
		processing begun of multimaterial:  potted_plant.Multimaterial#0
		num positions      :  163
		num normals        :  163
		num tangents       :  0
		num uvs            :  326
		num uvs2           :  0
		num colors         :  0
		num triangles      :  160
========= Writing of JSON file started =========
	writing mesh:  Circle
========= Writing of JSON file completed =========
========= end of processing =========
elapsed time:  0 min, 0.014 secs
