Exporter version: 6.4.5, Blender version: 2.90.1
========= Conversion from Blender to Babylon.js =========
	Scene settings used :
		Inline textures     :  false
		Material Type       :  PBR
		Positions Precision :  4
		Normals Precision   :  3
		UVs Precision       :  3
		Vert Color Precision:  3
		Mat Weight Precision:  2
		Keep Z-up r-handed  :  no
		Texture directory   :  C:\Users\svent\Documents\sven-frankson\game-of-life-3d\datas\meshes\
	Python World class constructor completed
	WARNING: No active camera has been assigned, or is not in a currently selected Blender layer
	processing begun of mesh:  tri-cross
		processing begun of material:  asphalt
		processing begun of material:  curb-border
		processing begun of material:  pavement
		processing begun of material:  white-paint
		processing begun of multimaterial:  roads.Multimaterial#0
		num positions      :  80
		num normals        :  80
		num tangents       :  0
		num uvs            :  160
		num uvs2           :  0
		num colors         :  0
		num triangles      :  66
	processing begun of mesh:  plaza
		processing begun of material:  asphalt
		processing begun of material:  curb-border
		processing begun of material:  pavement
		processing begun of material:  white-paint
		registered as also a user of material:  asphalt
		registered as also a user of material:  curb-border
		registered as also a user of material:  pavement
		registered as also a user of material:  white-paint
		processing begun of multimaterial:  roads.Multimaterial#1
		num positions      :  4
		num normals        :  4
		num tangents       :  0
		num uvs            :  8
		num uvs2           :  0
		num colors         :  0
		num triangles      :  2
	processing begun of mesh:  straight
		processing begun of material:  asphalt
		processing begun of material:  curb-border
		processing begun of material:  pavement
		processing begun of material:  white-paint
		registered as also a user of material:  asphalt
		registered as also a user of material:  curb-border
		registered as also a user of material:  pavement
		registered as also a user of material:  white-paint
		processing begun of multimaterial:  roads.Multimaterial#2
		num positions      :  28
		num normals        :  28
		num tangents       :  0
		num uvs            :  56
		num uvs2           :  0
		num colors         :  0
		num triangles      :  16
	processing begun of mesh:  crosswalk
		processing begun of material:  asphalt
		processing begun of material:  curb-border
		processing begun of material:  pavement
		processing begun of material:  white-paint
		registered as also a user of material:  asphalt
		registered as also a user of material:  curb-border
		registered as also a user of material:  pavement
		registered as also a user of material:  white-paint
		processing begun of multimaterial:  roads.Multimaterial#3
		num positions      :  54
		num normals        :  54
		num tangents       :  0
		num uvs            :  108
		num uvs2           :  0
		num colors         :  0
		num triangles      :  28
	processing begun of mesh:  turn
		processing begun of material:  asphalt
		processing begun of material:  curb-border
		processing begun of material:  pavement
		processing begun of material:  white-paint
		registered as also a user of material:  asphalt
		registered as also a user of material:  curb-border
		registered as also a user of material:  pavement
		registered as also a user of material:  white-paint
		processing begun of multimaterial:  roads.Multimaterial#4
		num positions      :  64
		num normals        :  64
		num tangents       :  0
		num uvs            :  128
		num uvs2           :  0
		num colors         :  0
		num triangles      :  58
	processing begun of mesh:  quad-cross
		processing begun of material:  asphalt
		processing begun of material:  curb-border
		processing begun of material:  pavement
		processing begun of material:  white-paint
		registered as also a user of material:  asphalt
		registered as also a user of material:  curb-border
		registered as also a user of material:  pavement
		registered as also a user of material:  white-paint
		processing begun of multimaterial:  roads.Multimaterial#5
		num positions      :  112
		num normals        :  112
		num tangents       :  0
		num uvs            :  224
		num uvs2           :  0
		num colors         :  0
		num triangles      :  102
		WARNING: # of 0 area faces found:  2
========= Writing of JSON file started =========
	writing mesh:  tri-cross
	writing mesh:  plaza
	writing mesh:  straight
	writing mesh:  crosswalk
	writing mesh:  turn
	writing mesh:  quad-cross
========= Writing of JSON file completed =========
========= end of processing =========
elapsed time:  0 min, 0.0299 secs
